<?xml version="1.0" encoding="UTF-8"?>
<!-- Generated by org.testng.reporters.JUnitReportReporter -->
<testsuite ignored="0" hostname="DESKTOP-EKJ5BNI" failures="0" tests="2" name="pruebas.CrossBrowserTest" time="49.256" errors="0" timestamp="26 ago. 2023 15:57:15 GMT" skipped="0">
  <testcase classname="pruebas.CrossBrowserTest" name="buscarPalabra" time="18.064"/>
  <testcase classname="pruebas.CrossBrowserTest" name="buscarPalabra" time="31.192"/>
</testsuite> <!-- pruebas.CrossBrowserTest -->
