<?xml version="1.0" encoding="UTF-8"?>
<!-- Generated by org.testng.reporters.JUnitReportReporter -->
<testsuite ignored="0" hostname="DESKTOP-EKJ5BNI" failures="0" tests="1" name="pruebas.Laboratorio5_E2" time="0.238" errors="0" timestamp="26 ago. 2023 16:05:04 GMT" skipped="0">
  <testcase classname="pruebas.Laboratorio5_E2" name="cargarArchivo" time="0.238"/>
</testsuite> <!-- pruebas.Laboratorio5_E2 -->
