<?xml version="1.0" encoding="UTF-8"?>
<!-- Generated by org.testng.reporters.JUnitReportReporter -->
<testsuite ignored="0" hostname="DESKTOP-EKJ5BNI" failures="0" tests="3" name="pruebas.Laboratorio5_E1b" time="4.934" errors="0" timestamp="02 sep. 2023 15:11:39 GMT" skipped="0">
  <testcase classname="pruebas.Laboratorio5_E1b" name="irRegistroLogin" time="1.451"/>
  <testcase classname="pruebas.Laboratorio5_E1b" name="irRegistroLogin" time="2.082"/>
  <testcase classname="pruebas.Laboratorio5_E1b" name="irRegistroLogin" time="1.401"/>
</testsuite> <!-- pruebas.Laboratorio5_E1b -->
