<?xml version="1.0" encoding="UTF-8"?>
<!-- Generated by org.testng.reporters.JUnitReportReporter -->
<testsuite ignored="0" hostname="DESKTOP-EKJ5BNI" failures="0" tests="1" name="pruebas.Laboratorio6_E1" time="0.355" errors="0" timestamp="09 sep. 2023 13:46:53 GMT" skipped="0">
  <testcase classname="pruebas.Laboratorio6_E1" name="verNavegador_headless" time="0.355"/>
</testsuite> <!-- pruebas.Laboratorio6_E1 -->
