<?xml version="1.0" encoding="UTF-8"?>
<!-- Generated by org.testng.reporters.JUnitReportReporter -->
<testsuite ignored="0" hostname="DESKTOP-EKJ5BNI" failures="0" tests="2" name="Edu_it_2.Annotations" time="0.030" errors="0" timestamp="26 ago. 2023 13:33:49 GMT" skipped="0">
  <testcase classname="Edu_it_2.Annotations" name="testCase1" time="0.027"/>
  <testcase classname="Edu_it_2.Annotations" name="testCase2" time="0.003"/>
</testsuite> <!-- Edu_it_2.Annotations -->
