<?xml version="1.0" encoding="UTF-8"?>
<!-- Generated by org.testng.reporters.JUnitReportReporter -->
<testsuite ignored="0" hostname="DESKTOP-EKJ5BNI" failures="0" tests="3" name="Edu_it_2.testNGPriorityExample" time="0.044" errors="0" timestamp="26 ago. 2023 13:42:10 GMT" skipped="0">
  <testcase classname="Edu_it_2.testNGPriorityExample" name="sendEmail" time="0.010"/>
  <testcase classname="Edu_it_2.testNGPriorityExample" name="login" time="0.004"/>
  <testcase classname="Edu_it_2.testNGPriorityExample" name="registerAccount" time="0.030"/>
</testsuite> <!-- Edu_it_2.testNGPriorityExample -->
