<?xml version="1.0" encoding="UTF-8"?>
<!-- Generated by org.testng.reporters.JUnitReportReporter -->
<testsuite ignored="1" hostname="DESKTOP-EKJ5BNI" failures="0" tests="1" name="Edu_it_2.Laboratorio3_Ejercicio1" time="4.700" errors="0" timestamp="26 ago. 2023 14:36:54 GMT" skipped="0">
  <testcase classname="Edu_it_2.Laboratorio3_Ejercicio1" name="registrarUsuario" time="4.700"/>
  <testcase classname="Edu_it_2.Laboratorio3_Ejercicio1" name="pruebaTest">
    <skipped/>
  </testcase> <!-- pruebaTest -->
</testsuite> <!-- Edu_it_2.Laboratorio3_Ejercicio1 -->
