<?xml version="1.0" encoding="UTF-8"?>
<!-- Generated by org.testng.reporters.JUnitReportReporter -->
<testsuite ignored="0" hostname="DESKTOP-EKJ5BNI" failures="0" tests="1" name="pruebas.Laboratorio6_E2" time="1.694" errors="0" timestamp="09 sep. 2023 13:54:18 GMT" skipped="0">
  <testcase classname="pruebas.Laboratorio6_E2" name="verNavegador_incognito" time="1.694"/>
</testsuite> <!-- pruebas.Laboratorio6_E2 -->
